2026-07-19T18:50:03.557Z recorder start; fixture=18257739 kickoff=2026-07-19T19:00:00.000Z stopAfter=180min poll=15s
2026-07-19T18:50:04.272Z snapshot (kickoff-window-open) written: snapshots/1784487004272-kickoff-window-open.json
2026-07-19T18:50:04.947Z odds packet 1838524635:00003:000170-10021-stab prices=[2361,3179,3819] age=308s
2026-07-19T18:50:05.241Z snapshot (gamestate-1) written: snapshots/1784487005240-gamestate-1.json
2026-07-19T18:50:05.693Z fixture proof captured (gamestate-1); GameState=1
2026-07-19T18:50:38.933Z odds packet 1838525123:00003:000448-10021-stab prices=[2363,3203,3781] age=46s
2026-07-19T18:55:10.221Z fixture proof captured (periodic); GameState=1
2026-07-19T18:55:58.855Z odds packet 1838525646:00003:000024-10021-stab prices=[2354,3205,3798] age=72s
2026-07-19T19:00:11.874Z fixture proof captured (periodic); GameState=1
2026-07-19T19:00:43.247Z odds packet 1838526164:00003:000444-10021-stab prices=[2337,3215,3831] age=52s
2026-07-19T19:05:14.205Z fixture proof captured (periodic); GameState=1
2026-07-19T19:05:46.282Z odds packet 1838526693:00003:001746-10021-stab prices=[2343,3187,3854] age=46s
2026-07-19T19:10:17.014Z fixture proof captured (periodic); GameState=1
2026-07-19T19:10:54.905Z odds packet 1838527206:00003:000520-10021-stab prices=[2346,3131,3932] age=50s
2026-07-19T19:15:23.166Z fixture proof captured (periodic); GameState=1
2026-07-19T19:16:00.208Z odds packet 1838527702:00003:000668-10021-stab prices=[2237,3199,4160] age=60s
2026-07-19T19:21:09.613Z fixture proof captured (periodic); GameState=1
2026-07-19T19:22:17.069Z odds packet 1838528245:00003:000321-10021-stab prices=[2223,3142,4313] age=112s
2026-07-19T19:26:02.754Z odds packet 1838528770:00003:000184-10021-stab prices=[2241,3075,4376] age=62s
2026-07-19T19:26:03.510Z fixture proof captured (periodic); GameState=1
2026-07-19T19:30:42.259Z odds packet 1838529283:00003:000888-10021-stab prices=[2344,2973,4220] age=41s
2026-07-19T19:31:16.924Z fixture proof captured (periodic); GameState=1
2026-07-19T19:35:51.351Z odds packet 1838529801:00003:000018-10021-stab prices=[2371,2938,4203] age=50s
2026-07-19T19:36:26.062Z fixture proof captured (periodic); GameState=1
2026-07-19T19:40:40.509Z odds packet 1838530302:00003:000472-10021-stab prices=[2454,2845,4151] age=46s
2026-07-19T19:41:29.967Z fixture proof captured (periodic); GameState=1
2026-07-19T19:45:40.061Z odds packet 1838530818:00003:000074-10021-stab prices=[2446,2763,4363] age=40s
2026-07-19T19:46:31.805Z fixture proof captured (periodic); GameState=1
2026-07-19T19:50:53.624Z odds packet 1838531320:00003:000039-10021-stab prices=[2463,2663,4574] age=55s
2026-07-19T19:51:41.946Z fixture proof captured (periodic); GameState=1
2026-07-19T19:55:46.936Z odds packet 1838531814:00003:000954-10021-stab prices=[2523,2566,4675] age=47s
2026-07-19T19:56:51.360Z fixture proof captured (periodic); GameState=1
2026-07-19T20:01:28.789Z odds packet 1838532302:00003:000438-10021-stab prices=[2576,2534,4606] age=67s
2026-07-19T20:02:01.481Z fixture proof captured (periodic); GameState=1
2026-07-19T20:05:45.501Z odds packet 1838532687:00003:000497-10021-stab prices=[2524,2560,4691] age=79s
2026-07-19T20:07:10.605Z fixture proof captured (periodic); GameState=1
2026-07-19T20:10:44.289Z odds packet 1838533113:00003:000035-10021-stab prices=[2492,2562,4798] age=62s
2026-07-19T20:12:29.278Z fixture proof captured (periodic); GameState=1
2026-07-19T20:15:43.625Z odds packet 1838533551:00003:000473-10021-stab prices=[2532,2572,4625] age=70s
2026-07-19T20:17:36.545Z fixture proof captured (periodic); GameState=1
2026-07-19T20:20:56.174Z odds packet 1838534065:00003:000029-10021-stab prices=[2542,2560,4629] age=51s
2026-07-19T20:22:38.621Z fixture proof captured (periodic); GameState=1
2026-07-19T20:25:49.791Z odds packet 1838534571:00003:000770-10021-stab prices=[2635,2506,4516] age=51s
2026-07-19T20:27:47.637Z fixture proof captured (periodic); GameState=1
2026-07-19T20:30:40.542Z odds packet 1838535055:00003:001173-10021-stab prices=[2738,2367,4708] age=38s
2026-07-19T20:32:53.009Z fixture proof captured (periodic); GameState=1
2026-07-19T20:35:53.798Z odds packet 1838535546:00003:001021-10021-stab prices=[2785,2199,5367] age=54s
2026-07-19T20:38:04.190Z fixture proof captured (periodic); GameState=1
2026-07-19T20:40:43.775Z odds packet 1838536026:00003:001226-10021-stab prices=[2806,2089,6068] age=43s
2026-07-19T20:43:10.315Z fixture proof captured (periodic); GameState=1
2026-07-19T20:45:51.681Z odds packet 1838536524:00003:000040-10021-stab prices=[2916,1962,6786] age=53s
2026-07-19T20:48:13.193Z fixture proof captured (periodic); GameState=1
2026-07-19T20:50:59.321Z odds packet 1838537007:00003:000077-10021-stab prices=[3063,1903,6756] age=61s
2026-07-19T20:53:28.152Z fixture proof captured (periodic); GameState=1
2026-07-19T20:55:53.067Z odds packet 1838537496:00003:000031-10021-stab prices=[3188,1766,8324] age=55s
2026-07-19T20:56:18.666Z recorder start; fixture=18257739 kickoff=2026-07-19T19:00:00.000Z stopAfter=240min poll=15s
2026-07-19T20:56:18.668Z resumed after restart at 52 packets, cursor 1838537496:00003:000031-10021-stab
2026-07-19T20:56:18.922Z snapshot (kickoff-window-open) written: snapshots/1784494578921-kickoff-window-open.json
2026-07-19T20:56:19.981Z snapshot (gamestate-1) written: snapshots/1784494579980-gamestate-1.json
2026-07-19T20:56:20.375Z fixture proof captured (gamestate-1); GameState=1
2026-07-19T21:00:53.615Z odds packet 1838538003:00003:000428-10021-stab prices=[3574,1614,9931] age=54s
2026-07-19T21:01:28.000Z fixture proof captured (periodic); GameState=1
2026-07-19T21:05:45.090Z odds packet 1838538508:00003:000001-10021-stab prices=[4726,1412,12400] age=47s
2026-07-19T21:06:33.326Z fixture proof captured (periodic); GameState=1
2026-07-19T21:10:49.668Z poll error: fixture 18257739 has no canonical full-match TxLINE 1X2 packet
2026-07-19T21:11:05.470Z poll error: fixture 18257739 has no canonical full-match TxLINE 1X2 packet
2026-07-19T21:11:21.263Z poll error: fixture 18257739 has no canonical full-match TxLINE 1X2 packet
2026-07-19T21:11:36.857Z poll error: fixture 18257739 has no canonical full-match TxLINE 1X2 packet
2026-07-19T21:11:52.668Z poll error: fixture 18257739 has no canonical full-match TxLINE 1X2 packet
2026-07-19T21:12:08.342Z poll error: fixture 18257739 has no canonical full-match TxLINE 1X2 packet
2026-07-19T21:12:24.754Z poll error: fixture 18257739 has no canonical full-match TxLINE 1X2 packet
2026-07-19T21:12:41.040Z poll error: fixture 18257739 has no canonical full-match TxLINE 1X2 packet
2026-07-19T21:12:56.739Z poll error: fixture 18257739 has no canonical full-match TxLINE 1X2 packet
2026-07-19T21:13:12.588Z poll error: fixture 18257739 has no canonical full-match TxLINE 1X2 packet
2026-07-19T21:13:28.291Z poll error: fixture 18257739 has no canonical full-match TxLINE 1X2 packet
2026-07-19T21:13:44.081Z poll error: fixture 18257739 has no canonical full-match TxLINE 1X2 packet
2026-07-19T21:13:59.869Z poll error: fixture 18257739 has no canonical full-match TxLINE 1X2 packet
2026-07-19T21:14:15.917Z poll error: fixture 18257739 has no canonical full-match TxLINE 1X2 packet
2026-07-19T21:14:31.721Z poll error: fixture 18257739 has no canonical full-match TxLINE 1X2 packet
2026-07-19T21:14:47.521Z poll error: fixture 18257739 has no canonical full-match TxLINE 1X2 packet
2026-07-19T21:15:03.176Z poll error: fixture 18257739 has no canonical full-match TxLINE 1X2 packet
2026-07-19T21:15:19.313Z poll error: fixture 18257739 has no canonical full-match TxLINE 1X2 packet
2026-07-19T21:15:36.360Z poll error: fixture 18257739 has no canonical full-match TxLINE 1X2 packet
2026-07-19T21:15:52.512Z odds packet 1838539384:00003:000503-10021-stab prices=[17400,1067,180000] age=59s
2026-07-19T21:15:53.375Z fixture proof captured (periodic); GameState=1
2026-07-19T21:20:40.307Z poll error: fixture 18257739 has no canonical full-match TxLINE 1X2 packet
2026-07-19T21:20:57.959Z poll error: fixture 18257739 has no canonical full-match TxLINE 1X2 packet
2026-07-19T21:21:13.785Z poll error: fixture 18257739 has no canonical full-match TxLINE 1X2 packet
2026-07-19T21:21:29.416Z poll error: fixture 18257739 has no canonical full-match TxLINE 1X2 packet
2026-07-19T21:21:45.246Z poll error: fixture 18257739 has no canonical full-match TxLINE 1X2 packet
2026-07-19T21:22:01.152Z poll error: fixture 18257739 has no canonical full-match TxLINE 1X2 packet
2026-07-19T21:22:16.942Z poll error: fixture 18257739 has no canonical full-match TxLINE 1X2 packet
2026-07-19T21:22:33.153Z poll error: fixture 18257739 has no canonical full-match TxLINE 1X2 packet
2026-07-19T21:22:48.958Z poll error: fixture 18257739 has no canonical full-match TxLINE 1X2 packet
2026-07-19T21:23:04.622Z poll error: fixture 18257739 has no canonical full-match TxLINE 1X2 packet
2026-07-19T21:23:20.423Z poll error: fixture 18257739 has no canonical full-match TxLINE 1X2 packet
2026-07-19T21:23:36.221Z poll error: fixture 18257739 has no canonical full-match TxLINE 1X2 packet
2026-07-19T21:23:52.596Z poll error: fixture 18257739 has no canonical full-match TxLINE 1X2 packet
2026-07-19T21:24:08.489Z poll error: fixture 18257739 has no canonical full-match TxLINE 1X2 packet
2026-07-19T21:24:24.320Z poll error: fixture 18257739 has no canonical full-match TxLINE 1X2 packet
2026-07-19T21:24:40.166Z poll error: fixture 18257739 has no canonical full-match TxLINE 1X2 packet
2026-07-19T21:24:55.920Z poll error: fixture 18257739 has no canonical full-match TxLINE 1X2 packet
2026-07-19T21:25:13.147Z poll error: fixture 18257739 has no canonical full-match TxLINE 1X2 packet
2026-07-19T21:25:43.880Z poll error: fixture 18257739 has no canonical full-match TxLINE 1X2 packet
2026-07-19T21:26:42.587Z poll error: fixture 18257739 has no canonical full-match TxLINE 1X2 packet
2026-07-19T21:27:46.970Z poll error: fixture 18257739 has no canonical full-match TxLINE 1X2 packet
2026-07-19T21:28:02.740Z poll error: fixture 18257739 has no canonical full-match TxLINE 1X2 packet
2026-07-19T21:28:18.386Z poll error: fixture 18257739 has no canonical full-match TxLINE 1X2 packet
2026-07-19T21:28:34.066Z poll error: fixture 18257739 has no canonical full-match TxLINE 1X2 packet
2026-07-19T21:28:49.954Z poll error: fixture 18257739 has no canonical full-match TxLINE 1X2 packet
2026-07-19T21:29:05.622Z poll error: fixture 18257739 has no canonical full-match TxLINE 1X2 packet
2026-07-19T21:29:21.416Z poll error: fixture 18257739 has no canonical full-match TxLINE 1X2 packet
2026-07-19T21:29:37.042Z poll error: fixture 18257739 has no canonical full-match TxLINE 1X2 packet
2026-07-19T21:29:52.992Z poll error: fixture 18257739 has no canonical full-match TxLINE 1X2 packet
2026-07-19T21:30:08.870Z poll error: fixture 18257739 has no canonical full-match TxLINE 1X2 packet
2026-07-19T21:30:24.685Z poll error: fixture 18257739 has no canonical full-match TxLINE 1X2 packet
2026-07-19T21:30:40.354Z poll error: fixture 18257739 has no canonical full-match TxLINE 1X2 packet
2026-07-19T21:30:59.309Z poll error: fixture 18257739 has no canonical full-match TxLINE 1X2 packet
2026-07-19T21:31:15.156Z poll error: fixture 18257739 has no canonical full-match TxLINE 1X2 packet
2026-07-19T21:31:30.835Z poll error: fixture 18257739 has no canonical full-match TxLINE 1X2 packet
2026-07-19T21:31:46.661Z poll error: fixture 18257739 has no canonical full-match TxLINE 1X2 packet
2026-07-19T21:32:02.319Z poll error: fixture 18257739 has no canonical full-match TxLINE 1X2 packet
2026-07-19T21:32:19.961Z poll error: fixture 18257739 has no canonical full-match TxLINE 1X2 packet
2026-07-19T21:32:35.661Z poll error: fixture 18257739 has no canonical full-match TxLINE 1X2 packet
2026-07-19T21:32:51.474Z poll error: fixture 18257739 has no canonical full-match TxLINE 1X2 packet
2026-07-19T21:33:07.286Z poll error: fixture 18257739 has no canonical full-match TxLINE 1X2 packet
2026-07-19T21:33:23.171Z poll error: fixture 18257739 has no canonical full-match TxLINE 1X2 packet
2026-07-19T21:33:39.039Z poll error: fixture 18257739 has no canonical full-match TxLINE 1X2 packet
2026-07-19T21:33:54.914Z poll error: fixture 18257739 has no canonical full-match TxLINE 1X2 packet
2026-07-19T21:34:10.812Z poll error: fixture 18257739 has no canonical full-match TxLINE 1X2 packet
2026-07-19T21:34:26.810Z poll error: fixture 18257739 has no canonical full-match TxLINE 1X2 packet
2026-07-19T21:34:42.688Z poll error: fixture 18257739 has no canonical full-match TxLINE 1X2 packet
2026-07-19T21:34:58.575Z poll error: fixture 18257739 has no canonical full-match TxLINE 1X2 packet
2026-07-19T21:35:16.357Z poll error: fixture 18257739 has no canonical full-match TxLINE 1X2 packet
2026-07-19T21:35:35.416Z poll error: fixture 18257739 has no canonical full-match TxLINE 1X2 packet
2026-07-19T21:35:53.244Z poll error: fixture 18257739 has no canonical full-match TxLINE 1X2 packet
2026-07-19T21:36:09.074Z poll error: fixture 18257739 has no canonical full-match TxLINE 1X2 packet
2026-07-19T21:36:24.917Z poll error: fixture 18257739 has no canonical full-match TxLINE 1X2 packet
2026-07-19T21:36:42.739Z poll error: fixture 18257739 has no canonical full-match TxLINE 1X2 packet
2026-07-19T21:36:58.473Z poll error: fixture 18257739 has no canonical full-match TxLINE 1X2 packet
2026-07-19T21:37:17.703Z poll error: fixture 18257739 has no canonical full-match TxLINE 1X2 packet
2026-07-19T21:37:37.553Z poll error: fixture 18257739 has no canonical full-match TxLINE 1X2 packet
2026-07-19T21:37:53.495Z poll error: fixture 18257739 has no canonical full-match TxLINE 1X2 packet
2026-07-19T21:38:09.359Z poll error: fixture 18257739 has no canonical full-match TxLINE 1X2 packet
2026-07-19T21:38:25.201Z poll error: fixture 18257739 has no canonical full-match TxLINE 1X2 packet
2026-07-19T21:38:41.086Z poll error: fixture 18257739 has no canonical full-match TxLINE 1X2 packet
2026-07-19T21:38:56.937Z poll error: fixture 18257739 has no canonical full-match TxLINE 1X2 packet
2026-07-19T21:39:12.868Z poll error: fixture 18257739 has no canonical full-match TxLINE 1X2 packet
2026-07-19T21:39:28.557Z poll error: fixture 18257739 has no canonical full-match TxLINE 1X2 packet
2026-07-19T21:39:44.385Z poll error: fixture 18257739 has no canonical full-match TxLINE 1X2 packet
2026-07-19T21:40:00.397Z poll error: fixture 18257739 has no canonical full-match TxLINE 1X2 packet
2026-07-19T21:40:16.066Z poll error: fixture 18257739 has no canonical full-match TxLINE 1X2 packet
2026-07-19T21:40:36.590Z poll error: fixture 18257739 has no canonical full-match TxLINE 1X2 packet
2026-07-19T21:40:52.293Z poll error: fixture 18257739 has no canonical full-match TxLINE 1X2 packet
2026-07-19T21:41:08.128Z poll error: fixture 18257739 has no canonical full-match TxLINE 1X2 packet
2026-07-19T21:41:24.004Z poll error: fixture 18257739 has no canonical full-match TxLINE 1X2 packet
2026-07-19T21:41:39.869Z poll error: fixture 18257739 has no canonical full-match TxLINE 1X2 packet
2026-07-19T21:41:55.823Z poll error: fixture 18257739 has no canonical full-match TxLINE 1X2 packet
2026-07-19T21:42:11.682Z poll error: fixture 18257739 has no canonical full-match TxLINE 1X2 packet
2026-07-19T21:42:27.506Z poll error: fixture 18257739 has no canonical full-match TxLINE 1X2 packet
2026-07-19T21:42:43.331Z poll error: fixture 18257739 has no canonical full-match TxLINE 1X2 packet
2026-07-19T21:42:58.992Z poll error: fixture 18257739 has no canonical full-match TxLINE 1X2 packet
2026-07-19T21:43:16.202Z poll error: fixture 18257739 has no canonical full-match TxLINE 1X2 packet
2026-07-19T21:43:32.108Z poll error: fixture 18257739 has no canonical full-match TxLINE 1X2 packet
2026-07-19T21:43:48.037Z poll error: fixture 18257739 has no canonical full-match TxLINE 1X2 packet
2026-07-19T21:44:04.439Z poll error: fixture 18257739 has no canonical full-match TxLINE 1X2 packet
2026-07-19T21:44:20.694Z poll error: fixture 18257739 has no canonical full-match TxLINE 1X2 packet
2026-07-19T21:44:36.529Z poll error: fixture 18257739 has no canonical full-match TxLINE 1X2 packet
2026-07-19T21:44:52.420Z poll error: fixture 18257739 has no canonical full-match TxLINE 1X2 packet
2026-07-19T21:45:08.260Z poll error: fixture 18257739 has no canonical full-match TxLINE 1X2 packet
2026-07-19T21:45:25.163Z poll error: fixture 18257739 has no canonical full-match TxLINE 1X2 packet
2026-07-19T21:45:42.988Z poll error: fixture 18257739 has no canonical full-match TxLINE 1X2 packet
2026-07-19T21:45:59.000Z poll error: fixture 18257739 has no canonical full-match TxLINE 1X2 packet
2026-07-19T21:46:14.852Z poll error: fixture 18257739 has no canonical full-match TxLINE 1X2 packet
2026-07-19T21:46:30.806Z poll error: fixture 18257739 has no canonical full-match TxLINE 1X2 packet
2026-07-19T21:46:46.645Z poll error: fixture 18257739 has no canonical full-match TxLINE 1X2 packet
2026-07-19T21:47:02.291Z poll error: fixture 18257739 has no canonical full-match TxLINE 1X2 packet
2026-07-19T21:48:12.899Z poll error: fixture 18257739 has no canonical full-match TxLINE 1X2 packet
2026-07-19T21:48:28.860Z poll error: fixture 18257739 has no canonical full-match TxLINE 1X2 packet
2026-07-19T21:48:44.711Z poll error: fixture 18257739 has no canonical full-match TxLINE 1X2 packet
2026-07-19T21:49:02.206Z poll error: fixture 18257739 has no canonical full-match TxLINE 1X2 packet
2026-07-19T21:50:13.666Z poll error: fixture 18257739 has no canonical full-match TxLINE 1X2 packet
2026-07-19T21:50:29.717Z poll error: fixture 18257739 has no canonical full-match TxLINE 1X2 packet
2026-07-19T21:50:46.031Z poll error: fixture 18257739 has no canonical full-match TxLINE 1X2 packet
2026-07-19T21:51:08.216Z poll error: fixture 18257739 has no canonical full-match TxLINE 1X2 packet
2026-07-19T21:51:24.065Z poll error: fixture 18257739 has no canonical full-match TxLINE 1X2 packet
2026-07-19T21:51:39.958Z poll error: fixture 18257739 has no canonical full-match TxLINE 1X2 packet
2026-07-19T21:51:56.102Z poll error: fixture 18257739 has no canonical full-match TxLINE 1X2 packet
2026-07-19T21:52:18.089Z poll error: fixture 18257739 has no canonical full-match TxLINE 1X2 packet
2026-07-19T21:52:34.143Z poll error: fixture 18257739 has no canonical full-match TxLINE 1X2 packet
2026-07-19T21:52:50.074Z poll error: fixture 18257739 has no canonical full-match TxLINE 1X2 packet
2026-07-19T21:53:05.771Z poll error: fixture 18257739 has no canonical full-match TxLINE 1X2 packet
2026-07-19T21:53:23.756Z poll error: fixture 18257739 has no canonical full-match TxLINE 1X2 packet
2026-07-19T21:53:39.589Z poll error: fixture 18257739 has no canonical full-match TxLINE 1X2 packet
2026-07-19T21:53:55.471Z poll error: fixture 18257739 has no canonical full-match TxLINE 1X2 packet
2026-07-19T21:54:12.189Z poll error: fixture 18257739 has no canonical full-match TxLINE 1X2 packet
2026-07-19T21:54:28.622Z poll error: fixture 18257739 has no canonical full-match TxLINE 1X2 packet
2026-07-19T21:54:44.493Z poll error: fixture 18257739 has no canonical full-match TxLINE 1X2 packet
2026-07-19T21:55:00.297Z poll error: fixture 18257739 has no canonical full-match TxLINE 1X2 packet
2026-07-19T21:55:16.098Z poll error: fixture 18257739 has no canonical full-match TxLINE 1X2 packet
2026-07-19T21:55:31.986Z poll error: fixture 18257739 has no canonical full-match TxLINE 1X2 packet
2026-07-19T21:55:48.200Z poll error: fixture 18257739 has no canonical full-match TxLINE 1X2 packet
2026-07-19T21:56:03.918Z poll error: fixture 18257739 has no canonical full-match TxLINE 1X2 packet
2026-07-19T21:56:19.584Z poll error: fixture 18257739 has no canonical full-match TxLINE 1X2 packet
2026-07-19T21:56:35.471Z poll error: fixture 18257739 has no canonical full-match TxLINE 1X2 packet
2026-07-19T21:56:51.414Z poll error: fixture 18257739 has no canonical full-match TxLINE 1X2 packet
2026-07-19T21:57:07.266Z poll error: fixture 18257739 has no canonical full-match TxLINE 1X2 packet
2026-07-19T21:57:25.207Z poll error: fixture 18257739 has no canonical full-match TxLINE 1X2 packet
2026-07-19T21:57:41.052Z poll error: fixture 18257739 has no canonical full-match TxLINE 1X2 packet
2026-07-19T21:57:56.790Z poll error: fixture 18257739 has no canonical full-match TxLINE 1X2 packet
2026-07-19T21:58:13.038Z poll error: fixture 18257739 has no canonical full-match TxLINE 1X2 packet
2026-07-19T21:58:29.868Z poll error: fixture 18257739 has no canonical full-match TxLINE 1X2 packet
2026-07-19T21:58:45.816Z poll error: fixture 18257739 has no canonical full-match TxLINE 1X2 packet
2026-07-19T21:59:40.667Z poll error: fixture 18257739 has no canonical full-match TxLINE 1X2 packet
2026-07-19T21:59:56.750Z poll error: fixture 18257739 has no canonical full-match TxLINE 1X2 packet
2026-07-19T22:00:12.591Z poll error: fixture 18257739 has no canonical full-match TxLINE 1X2 packet
2026-07-19T22:00:28.464Z poll error: fixture 18257739 has no canonical full-match TxLINE 1X2 packet
2026-07-19T22:01:36.743Z poll error: fixture 18257739 has no canonical full-match TxLINE 1X2 packet
2026-07-19T22:02:03.043Z poll error: fixture 18257739 has no canonical full-match TxLINE 1X2 packet
2026-07-19T22:03:07.853Z poll error: fixture 18257739 has no canonical full-match TxLINE 1X2 packet
2026-07-19T22:03:23.583Z poll error: fixture 18257739 has no canonical full-match TxLINE 1X2 packet
2026-07-19T22:03:39.235Z poll error: fixture 18257739 has no canonical full-match TxLINE 1X2 packet
2026-07-19T22:03:55.102Z poll error: fixture 18257739 has no canonical full-match TxLINE 1X2 packet
2026-07-19T22:04:11.000Z poll error: fixture 18257739 has no canonical full-match TxLINE 1X2 packet
2026-07-19T22:04:26.872Z poll error: fixture 18257739 has no canonical full-match TxLINE 1X2 packet
2026-07-19T22:04:42.736Z poll error: fixture 18257739 has no canonical full-match TxLINE 1X2 packet
2026-07-19T22:04:58.474Z poll error: fixture 18257739 has no canonical full-match TxLINE 1X2 packet
2026-07-19T22:05:14.325Z poll error: fixture 18257739 has no canonical full-match TxLINE 1X2 packet
2026-07-19T22:05:30.189Z poll error: fixture 18257739 has no canonical full-match TxLINE 1X2 packet
2026-07-19T22:05:46.043Z poll error: fixture 18257739 has no canonical full-match TxLINE 1X2 packet
2026-07-19T22:06:01.823Z poll error: fixture 18257739 has no canonical full-match TxLINE 1X2 packet
2026-07-19T22:06:17.834Z poll error: fixture 18257739 has no canonical full-match TxLINE 1X2 packet
2026-07-19T22:06:33.658Z poll error: fixture 18257739 has no canonical full-match TxLINE 1X2 packet
2026-07-19T22:06:49.541Z poll error: fixture 18257739 has no canonical full-match TxLINE 1X2 packet
2026-07-19T22:07:05.247Z poll error: fixture 18257739 has no canonical full-match TxLINE 1X2 packet
2026-07-19T22:07:21.895Z poll error: fixture 18257739 has no canonical full-match TxLINE 1X2 packet
2026-07-19T22:07:37.578Z poll error: fixture 18257739 has no canonical full-match TxLINE 1X2 packet
2026-07-19T22:07:53.418Z poll error: fixture 18257739 has no canonical full-match TxLINE 1X2 packet
2026-07-19T22:08:09.326Z poll error: fixture 18257739 has no canonical full-match TxLINE 1X2 packet
2026-07-19T22:08:25.217Z poll error: fixture 18257739 has no canonical full-match TxLINE 1X2 packet
2026-07-19T22:08:41.065Z poll error: fixture 18257739 has no canonical full-match TxLINE 1X2 packet
2026-07-19T22:08:56.730Z poll error: fixture 18257739 has no canonical full-match TxLINE 1X2 packet
2026-07-19T22:09:12.601Z poll error: fixture 18257739 has no canonical full-match TxLINE 1X2 packet
2026-07-19T22:09:28.470Z poll error: fixture 18257739 has no canonical full-match TxLINE 1X2 packet
2026-07-19T22:09:44.330Z poll error: fixture 18257739 has no canonical full-match TxLINE 1X2 packet
2026-07-19T22:10:00.047Z poll error: fixture 18257739 has no canonical full-match TxLINE 1X2 packet
2026-07-19T22:10:15.797Z poll error: fixture 18257739 has no canonical full-match TxLINE 1X2 packet
2026-07-19T22:10:33.734Z poll error: fixture 18257739 has no canonical full-match TxLINE 1X2 packet
2026-07-19T22:10:49.620Z poll error: fixture 18257739 has no canonical full-match TxLINE 1X2 packet
2026-07-19T22:11:06.445Z poll error: fixture 18257739 has no canonical full-match TxLINE 1X2 packet
2026-07-19T22:11:22.314Z poll error: fixture 18257739 has no canonical full-match TxLINE 1X2 packet
2026-07-19T22:11:38.151Z poll error: fixture 18257739 has no canonical full-match TxLINE 1X2 packet
2026-07-19T22:11:54.052Z poll error: fixture 18257739 has no canonical full-match TxLINE 1X2 packet
2026-07-19T22:12:09.888Z poll error: fixture 18257739 has no canonical full-match TxLINE 1X2 packet
2026-07-19T22:12:25.766Z poll error: fixture 18257739 has no canonical full-match TxLINE 1X2 packet
2026-07-19T22:12:52.570Z poll error: fixture 18257739 has no canonical full-match TxLINE 1X2 packet
2026-07-19T22:13:09.857Z poll error: fixture 18257739 has no canonical full-match TxLINE 1X2 packet
2026-07-19T22:13:26.634Z poll error: fixture 18257739 has no canonical full-match TxLINE 1X2 packet
2026-07-19T22:13:42.484Z poll error: fixture 18257739 has no canonical full-match TxLINE 1X2 packet
2026-07-19T22:13:58.330Z poll error: fixture 18257739 has no canonical full-match TxLINE 1X2 packet
2026-07-19T22:14:14.223Z poll error: fixture 18257739 has no canonical full-match TxLINE 1X2 packet
2026-07-19T22:14:30.052Z poll error: fixture 18257739 has no canonical full-match TxLINE 1X2 packet
2026-07-19T22:14:45.918Z poll error: fixture 18257739 has no canonical full-match TxLINE 1X2 packet
2026-07-19T22:15:01.785Z poll error: fixture 18257739 has no canonical full-match TxLINE 1X2 packet
2026-07-19T22:15:17.439Z poll error: fixture 18257739 has no canonical full-match TxLINE 1X2 packet
2026-07-19T22:15:33.323Z poll error: fixture 18257739 has no canonical full-match TxLINE 1X2 packet
2026-07-19T22:15:49.173Z poll error: fixture 18257739 has no canonical full-match TxLINE 1X2 packet
2026-07-19T22:16:05.045Z poll error: fixture 18257739 has no canonical full-match TxLINE 1X2 packet
2026-07-19T22:16:20.720Z poll error: fixture 18257739 has no canonical full-match TxLINE 1X2 packet
2026-07-19T22:16:36.617Z poll error: fixture 18257739 has no canonical full-match TxLINE 1X2 packet
2026-07-19T22:16:52.543Z poll error: fixture 18257739 has no canonical full-match TxLINE 1X2 packet
2026-07-19T22:17:08.397Z poll error: fixture 18257739 has no canonical full-match TxLINE 1X2 packet
2026-07-19T22:17:24.240Z poll error: fixture 18257739 has no canonical full-match TxLINE 1X2 packet
2026-07-19T22:17:39.926Z poll error: fixture 18257739 has no canonical full-match TxLINE 1X2 packet
2026-07-19T22:17:55.780Z poll error: fixture 18257739 has no canonical full-match TxLINE 1X2 packet
2026-07-19T22:18:13.063Z poll error: fixture 18257739 has no canonical full-match TxLINE 1X2 packet
2026-07-19T22:18:28.908Z poll error: fixture 18257739 has no canonical full-match TxLINE 1X2 packet
2026-07-19T22:18:44.775Z poll error: fixture 18257739 has no canonical full-match TxLINE 1X2 packet
2026-07-19T22:19:00.524Z poll error: fixture 18257739 has no canonical full-match TxLINE 1X2 packet
2026-07-19T22:19:17.924Z poll error: fixture 18257739 has no canonical full-match TxLINE 1X2 packet
2026-07-19T22:19:33.763Z poll error: fixture 18257739 has no canonical full-match TxLINE 1X2 packet
2026-07-19T22:19:49.750Z poll error: fixture 18257739 has no canonical full-match TxLINE 1X2 packet
2026-07-19T22:20:05.622Z poll error: fixture 18257739 has no canonical full-match TxLINE 1X2 packet
2026-07-19T22:20:21.461Z poll error: fixture 18257739 has no canonical full-match TxLINE 1X2 packet
2026-07-19T22:20:37.345Z poll error: fixture 18257739 has no canonical full-match TxLINE 1X2 packet
2026-07-19T22:20:54.244Z poll error: fixture 18257739 has no canonical full-match TxLINE 1X2 packet
2026-07-19T22:21:10.135Z poll error: fixture 18257739 has no canonical full-match TxLINE 1X2 packet
2026-07-19T22:21:26.003Z poll error: fixture 18257739 has no canonical full-match TxLINE 1X2 packet
2026-07-19T22:21:41.887Z poll error: fixture 18257739 has no canonical full-match TxLINE 1X2 packet
2026-07-19T22:21:57.628Z poll error: fixture 18257739 has no canonical full-match TxLINE 1X2 packet
2026-07-19T22:22:14.302Z poll error: fixture 18257739 has no canonical full-match TxLINE 1X2 packet
2026-07-19T22:22:30.177Z poll error: fixture 18257739 has no canonical full-match TxLINE 1X2 packet
2026-07-19T22:22:46.058Z poll error: fixture 18257739 has no canonical full-match TxLINE 1X2 packet
2026-07-19T22:23:02.453Z poll error: fixture 18257739 has no canonical full-match TxLINE 1X2 packet
2026-07-19T22:23:18.143Z poll error: fixture 18257739 has no canonical full-match TxLINE 1X2 packet
2026-07-19T22:23:33.984Z poll error: fixture 18257739 has no canonical full-match TxLINE 1X2 packet
2026-07-19T22:23:49.937Z poll error: fixture 18257739 has no canonical full-match TxLINE 1X2 packet
2026-07-19T22:24:06.018Z poll error: fixture 18257739 has no canonical full-match TxLINE 1X2 packet
2026-07-19T22:24:21.864Z poll error: fixture 18257739 has no canonical full-match TxLINE 1X2 packet
2026-07-19T22:24:37.832Z poll error: fixture 18257739 has no canonical full-match TxLINE 1X2 packet
2026-07-19T22:24:53.714Z poll error: fixture 18257739 has no canonical full-match TxLINE 1X2 packet
2026-07-19T22:25:09.594Z poll error: fixture 18257739 has no canonical full-match TxLINE 1X2 packet
2026-07-19T22:25:25.590Z poll error: fixture 18257739 has no canonical full-match TxLINE 1X2 packet
2026-07-19T22:25:41.412Z poll error: fixture 18257739 has no canonical full-match TxLINE 1X2 packet
2026-07-19T22:25:57.267Z poll error: fixture 18257739 has no canonical full-match TxLINE 1X2 packet
2026-07-19T22:26:13.124Z poll error: fixture 18257739 has no canonical full-match TxLINE 1X2 packet
2026-07-19T22:26:28.968Z poll error: fixture 18257739 has no canonical full-match TxLINE 1X2 packet
2026-07-19T22:26:44.844Z poll error: fixture 18257739 has no canonical full-match TxLINE 1X2 packet
2026-07-19T22:27:00.772Z poll error: fixture 18257739 has no canonical full-match TxLINE 1X2 packet
2026-07-19T22:27:17.568Z poll error: fixture 18257739 has no canonical full-match TxLINE 1X2 packet
2026-07-19T22:27:33.439Z poll error: fixture 18257739 has no canonical full-match TxLINE 1X2 packet
2026-07-19T22:27:49.267Z poll error: fixture 18257739 has no canonical full-match TxLINE 1X2 packet
2026-07-19T22:28:05.571Z poll error: fixture 18257739 has no canonical full-match TxLINE 1X2 packet
2026-07-19T22:28:21.442Z poll error: fixture 18257739 has no canonical full-match TxLINE 1X2 packet
2026-07-19T22:28:37.115Z poll error: fixture 18257739 has no canonical full-match TxLINE 1X2 packet
2026-07-19T22:28:52.980Z poll error: fixture 18257739 has no canonical full-match TxLINE 1X2 packet
2026-07-19T22:29:08.826Z poll error: fixture 18257739 has no canonical full-match TxLINE 1X2 packet
2026-07-19T22:29:25.179Z poll error: fixture 18257739 has no canonical full-match TxLINE 1X2 packet
2026-07-19T22:29:40.906Z poll error: fixture 18257739 has no canonical full-match TxLINE 1X2 packet
2026-07-19T22:29:56.766Z poll error: fixture 18257739 has no canonical full-match TxLINE 1X2 packet
2026-07-19T22:30:12.651Z poll error: fixture 18257739 has no canonical full-match TxLINE 1X2 packet
2026-07-19T22:30:28.518Z poll error: fixture 18257739 has no canonical full-match TxLINE 1X2 packet
2026-07-19T22:30:44.781Z poll error: fixture 18257739 has no canonical full-match TxLINE 1X2 packet
2026-07-19T22:31:00.782Z poll error: fixture 18257739 has no canonical full-match TxLINE 1X2 packet
2026-07-19T22:31:16.438Z poll error: fixture 18257739 has no canonical full-match TxLINE 1X2 packet
2026-07-19T22:31:32.290Z poll error: fixture 18257739 has no canonical full-match TxLINE 1X2 packet
2026-07-19T22:31:48.136Z poll error: fixture 18257739 has no canonical full-match TxLINE 1X2 packet
2026-07-19T22:32:06.706Z poll error: fixture 18257739 has no canonical full-match TxLINE 1X2 packet
2026-07-19T22:32:22.548Z poll error: fixture 18257739 has no canonical full-match TxLINE 1X2 packet
2026-07-19T22:32:38.411Z poll error: fixture 18257739 has no canonical full-match TxLINE 1X2 packet
2026-07-19T22:32:54.251Z poll error: fixture 18257739 has no canonical full-match TxLINE 1X2 packet
2026-07-19T22:33:10.093Z poll error: fixture 18257739 has no canonical full-match TxLINE 1X2 packet
2026-07-19T22:33:25.981Z poll error: fixture 18257739 has no canonical full-match TxLINE 1X2 packet
2026-07-19T22:33:41.878Z poll error: fixture 18257739 has no canonical full-match TxLINE 1X2 packet
2026-07-19T22:33:57.749Z poll error: fixture 18257739 has no canonical full-match TxLINE 1X2 packet
2026-07-19T22:34:13.648Z poll error: fixture 18257739 has no canonical full-match TxLINE 1X2 packet
2026-07-19T22:34:29.465Z poll error: fixture 18257739 has no canonical full-match TxLINE 1X2 packet
2026-07-19T22:34:45.353Z poll error: fixture 18257739 has no canonical full-match TxLINE 1X2 packet
2026-07-19T22:35:01.089Z poll error: fixture 18257739 has no canonical full-match TxLINE 1X2 packet
2026-07-19T22:35:17.447Z poll error: fixture 18257739 has no canonical full-match TxLINE 1X2 packet
2026-07-19T22:35:33.712Z poll error: fixture 18257739 has no canonical full-match TxLINE 1X2 packet
2026-07-19T22:35:49.625Z poll error: fixture 18257739 has no canonical full-match TxLINE 1X2 packet
2026-07-19T22:36:07.908Z poll error: fixture 18257739 has no canonical full-match TxLINE 1X2 packet
2026-07-19T22:36:23.814Z poll error: fixture 18257739 has no canonical full-match TxLINE 1X2 packet
2026-07-19T22:36:39.673Z poll error: fixture 18257739 has no canonical full-match TxLINE 1X2 packet
2026-07-19T22:36:55.760Z poll error: fixture 18257739 has no canonical full-match TxLINE 1X2 packet
2026-07-19T22:37:11.640Z poll error: fixture 18257739 has no canonical full-match TxLINE 1X2 packet
2026-07-19T22:37:28.188Z poll error: fixture 18257739 has no canonical full-match TxLINE 1X2 packet
2026-07-19T22:37:44.035Z poll error: fixture 18257739 has no canonical full-match TxLINE 1X2 packet
2026-07-19T22:37:59.968Z poll error: fixture 18257739 has no canonical full-match TxLINE 1X2 packet
2026-07-19T22:38:15.876Z poll error: fixture 18257739 has no canonical full-match TxLINE 1X2 packet
2026-07-19T22:38:31.752Z poll error: fixture 18257739 has no canonical full-match TxLINE 1X2 packet
2026-07-19T22:38:47.646Z poll error: fixture 18257739 has no canonical full-match TxLINE 1X2 packet
2026-07-19T22:39:03.501Z poll error: fixture 18257739 has no canonical full-match TxLINE 1X2 packet
2026-07-19T22:39:19.509Z poll error: fixture 18257739 has no canonical full-match TxLINE 1X2 packet
2026-07-19T22:39:35.388Z poll error: fixture 18257739 has no canonical full-match TxLINE 1X2 packet
2026-07-19T22:39:51.276Z poll error: fixture 18257739 has no canonical full-match TxLINE 1X2 packet
2026-07-19T22:40:07.152Z poll error: fixture 18257739 has no canonical full-match TxLINE 1X2 packet
2026-07-19T22:40:22.998Z poll error: fixture 18257739 has no canonical full-match TxLINE 1X2 packet
2026-07-19T22:40:39.073Z poll error: fixture 18257739 has no canonical full-match TxLINE 1X2 packet
2026-07-19T22:40:54.955Z poll error: fixture 18257739 has no canonical full-match TxLINE 1X2 packet
2026-07-19T22:41:15.494Z poll error: fixture 18257739 has no canonical full-match TxLINE 1X2 packet
2026-07-19T22:41:31.370Z poll error: fixture 18257739 has no canonical full-match TxLINE 1X2 packet
2026-07-19T22:41:47.245Z poll error: fixture 18257739 has no canonical full-match TxLINE 1X2 packet
2026-07-19T22:42:03.069Z poll error: fixture 18257739 has no canonical full-match TxLINE 1X2 packet
2026-07-19T22:42:19.450Z poll error: fixture 18257739 has no canonical full-match TxLINE 1X2 packet
2026-07-19T22:42:39.558Z poll error: fixture 18257739 has no canonical full-match TxLINE 1X2 packet
2026-07-19T22:42:55.442Z poll error: fixture 18257739 has no canonical full-match TxLINE 1X2 packet
2026-07-19T22:43:11.269Z poll error: fixture 18257739 has no canonical full-match TxLINE 1X2 packet
2026-07-19T22:43:27.511Z poll error: fixture 18257739 has no canonical full-match TxLINE 1X2 packet
2026-07-19T22:43:43.356Z poll error: fixture 18257739 has no canonical full-match TxLINE 1X2 packet
2026-07-19T22:43:59.376Z poll error: fixture 18257739 has no canonical full-match TxLINE 1X2 packet
2026-07-19T22:44:15.632Z poll error: fixture 18257739 has no canonical full-match TxLINE 1X2 packet
2026-07-19T22:44:31.503Z poll error: fixture 18257739 has no canonical full-match TxLINE 1X2 packet
2026-07-19T22:44:47.395Z poll error: fixture 18257739 has no canonical full-match TxLINE 1X2 packet
2026-07-19T22:45:03.249Z poll error: fixture 18257739 has no canonical full-match TxLINE 1X2 packet
2026-07-19T22:45:19.550Z poll error: fixture 18257739 has no canonical full-match TxLINE 1X2 packet
2026-07-19T22:45:39.624Z poll error: fixture 18257739 has no canonical full-match TxLINE 1X2 packet
2026-07-19T22:45:55.592Z poll error: fixture 18257739 has no canonical full-match TxLINE 1X2 packet
2026-07-19T22:46:11.340Z poll error: fixture 18257739 has no canonical full-match TxLINE 1X2 packet
2026-07-19T22:46:27.222Z poll error: fixture 18257739 has no canonical full-match TxLINE 1X2 packet
2026-07-19T22:46:43.063Z poll error: fixture 18257739 has no canonical full-match TxLINE 1X2 packet
2026-07-19T22:46:58.923Z poll error: fixture 18257739 has no canonical full-match TxLINE 1X2 packet
2026-07-19T22:47:15.967Z poll error: fixture 18257739 has no canonical full-match TxLINE 1X2 packet
2026-07-19T22:47:31.857Z poll error: fixture 18257739 has no canonical full-match TxLINE 1X2 packet
2026-07-19T22:47:47.745Z poll error: fixture 18257739 has no canonical full-match TxLINE 1X2 packet
2026-07-19T22:48:03.583Z poll error: fixture 18257739 has no canonical full-match TxLINE 1X2 packet
2026-07-19T22:48:19.416Z poll error: fixture 18257739 has no canonical full-match TxLINE 1X2 packet
2026-07-19T22:48:35.258Z poll error: fixture 18257739 has no canonical full-match TxLINE 1X2 packet
2026-07-19T22:48:51.109Z poll error: fixture 18257739 has no canonical full-match TxLINE 1X2 packet
2026-07-19T22:49:06.966Z poll error: fixture 18257739 has no canonical full-match TxLINE 1X2 packet
2026-07-19T22:49:22.917Z poll error: fixture 18257739 has no canonical full-match TxLINE 1X2 packet
2026-07-19T22:49:38.774Z poll error: fixture 18257739 has no canonical full-match TxLINE 1X2 packet
2026-07-19T22:49:54.628Z poll error: fixture 18257739 has no canonical full-match TxLINE 1X2 packet
2026-07-19T22:50:10.529Z poll error: fixture 18257739 has no canonical full-match TxLINE 1X2 packet
2026-07-19T22:50:26.869Z poll error: fixture 18257739 has no canonical full-match TxLINE 1X2 packet
2026-07-19T22:50:42.694Z poll error: fixture 18257739 has no canonical full-match TxLINE 1X2 packet
2026-07-19T22:50:58.952Z poll error: fixture 18257739 has no canonical full-match TxLINE 1X2 packet
2026-07-19T22:51:17.460Z poll error: fixture 18257739 has no canonical full-match TxLINE 1X2 packet
2026-07-19T22:51:33.314Z poll error: fixture 18257739 has no canonical full-match TxLINE 1X2 packet
2026-07-19T22:51:49.190Z poll error: fixture 18257739 has no canonical full-match TxLINE 1X2 packet
2026-07-19T22:52:05.040Z poll error: fixture 18257739 has no canonical full-match TxLINE 1X2 packet
2026-07-19T22:52:21.498Z poll error: fixture 18257739 has no canonical full-match TxLINE 1X2 packet
2026-07-19T22:52:37.312Z poll error: fixture 18257739 has no canonical full-match TxLINE 1X2 packet
2026-07-19T22:52:53.185Z poll error: fixture 18257739 has no canonical full-match TxLINE 1X2 packet
2026-07-19T22:53:09.108Z poll error: fixture 18257739 has no canonical full-match TxLINE 1X2 packet
2026-07-19T22:53:24.953Z poll error: fixture 18257739 has no canonical full-match TxLINE 1X2 packet
2026-07-19T22:53:40.896Z poll error: fixture 18257739 has no canonical full-match TxLINE 1X2 packet
2026-07-19T22:53:56.784Z poll error: fixture 18257739 has no canonical full-match TxLINE 1X2 packet
2026-07-19T22:54:12.656Z poll error: fixture 18257739 has no canonical full-match TxLINE 1X2 packet
2026-07-19T22:54:28.506Z poll error: fixture 18257739 has no canonical full-match TxLINE 1X2 packet
2026-07-19T22:54:44.411Z poll error: fixture 18257739 has no canonical full-match TxLINE 1X2 packet
2026-07-19T22:55:00.569Z poll error: fixture 18257739 has no canonical full-match TxLINE 1X2 packet
2026-07-19T22:55:16.273Z poll error: fixture 18257739 has no canonical full-match TxLINE 1X2 packet
2026-07-19T22:55:32.145Z poll error: fixture 18257739 has no canonical full-match TxLINE 1X2 packet
2026-07-19T22:55:48.762Z poll error: fixture 18257739 has no canonical full-match TxLINE 1X2 packet
2026-07-19T22:56:04.650Z poll error: fixture 18257739 has no canonical full-match TxLINE 1X2 packet
2026-07-19T22:56:20.349Z poll error: fixture 18257739 has no canonical full-match TxLINE 1X2 packet
2026-07-19T22:56:36.288Z poll error: fixture 18257739 has no canonical full-match TxLINE 1X2 packet
2026-07-19T22:56:52.176Z poll error: fixture 18257739 has no canonical full-match TxLINE 1X2 packet
2026-07-19T22:57:07.839Z poll error: fixture 18257739 has no canonical full-match TxLINE 1X2 packet
2026-07-19T22:57:23.687Z poll error: fixture 18257739 has no canonical full-match TxLINE 1X2 packet
2026-07-19T22:57:39.574Z poll error: fixture 18257739 has no canonical full-match TxLINE 1X2 packet
2026-07-19T22:57:55.570Z poll error: fixture 18257739 has no canonical full-match TxLINE 1X2 packet
2026-07-19T22:58:11.423Z poll error: fixture 18257739 has no canonical full-match TxLINE 1X2 packet
2026-07-19T22:58:27.270Z poll error: fixture 18257739 has no canonical full-match TxLINE 1X2 packet
2026-07-19T22:58:43.120Z poll error: fixture 18257739 has no canonical full-match TxLINE 1X2 packet
2026-07-19T22:58:59.006Z poll error: fixture 18257739 has no canonical full-match TxLINE 1X2 packet
2026-07-19T22:59:14.897Z poll error: fixture 18257739 has no canonical full-match TxLINE 1X2 packet
2026-07-19T22:59:30.863Z poll error: fixture 18257739 has no canonical full-match TxLINE 1X2 packet
2026-07-19T22:59:46.792Z poll error: fixture 18257739 has no canonical full-match TxLINE 1X2 packet
2026-07-19T23:00:02.249Z fixture proof captured (window-close); GameState=1
2026-07-19T23:00:02.249Z snapshot (full-time) written: snapshots/1784502002249-full-time.json
2026-07-19T23:00:02.250Z recorder stop; total packets=60
